<?xml version="1.0" encoding="UTF-8"?>
<testsuite name="no.nav.syfo.SelfTest" tests="4" skipped="0" failures="0" errors="0" timestamp="2023-04-24T08:47:29" hostname="joakim-HP-NAV" time="1.298">
  <properties/>
  <testcase name="Returns internal server error when readyness check fails$syfosmarena_stream_test()" classname="no.nav.syfo.SelfTest" time="1.273"/>
  <testcase name="Returns internal server error when liveness check fails$syfosmarena_stream_test()" classname="no.nav.syfo.SelfTest" time="0.006"/>
  <testcase name="Returns ok on is_alive$syfosmarena_stream_test()" classname="no.nav.syfo.SelfTest" time="0.008"/>
  <testcase name="Returns ok in is_ready$syfosmarena_stream_test()" classname="no.nav.syfo.SelfTest" time="0.006"/>
  <system-out><![CDATA[{"@timestamp":"2023-04-24T10:47:30.458668601+02:00","@version":"1","message":"No ktor.deployment.watch patterns specified, automatic reload is not active.","logger_name":"ktor.test","thread_name":"Test worker","level":"INFO","level_value":20000}
{"@timestamp":"2023-04-24T10:47:30.478946809+02:00","@version":"1","message":"Application started in 0.091 seconds.","logger_name":"ktor.test","thread_name":"Test worker","level":"INFO","level_value":20000}
{"@timestamp":"2023-04-24T10:47:30.591648113+02:00","@version":"1","message":"No ktor.deployment.watch patterns specified, automatic reload is not active.","logger_name":"ktor.test","thread_name":"Test worker","level":"INFO","level_value":20000}
{"@timestamp":"2023-04-24T10:47:30.592184582+02:00","@version":"1","message":"Application started in 0.002 seconds.","logger_name":"ktor.test","thread_name":"Test worker","level":"INFO","level_value":20000}
{"@timestamp":"2023-04-24T10:47:30.600601106+02:00","@version":"1","message":"No ktor.deployment.watch patterns specified, automatic reload is not active.","logger_name":"ktor.test","thread_name":"Test worker","level":"INFO","level_value":20000}
{"@timestamp":"2023-04-24T10:47:30.601104105+02:00","@version":"1","message":"Application started in 0.002 seconds.","logger_name":"ktor.test","thread_name":"Test worker","level":"INFO","level_value":20000}
{"@timestamp":"2023-04-24T10:47:30.609107751+02:00","@version":"1","message":"No ktor.deployment.watch patterns specified, automatic reload is not active.","logger_name":"ktor.test","thread_name":"Test worker","level":"INFO","level_value":20000}
{"@timestamp":"2023-04-24T10:47:30.609561973+02:00","@version":"1","message":"Application started in 0.001 seconds.","logger_name":"ktor.test","thread_name":"Test worker","level":"INFO","level_value":20000}
]]></system-out>
  <system-err><![CDATA[]]></system-err>
</testsuite>
