<?xml version="1.0" encoding="UTF-8"?>
<testsuite name="no.nav.syfo.SelfTest" tests="4" skipped="0" failures="0" errors="0" timestamp="2023-05-03T13:45:15" hostname="joakim-HP-NAV" time="0.788">
  <properties/>
  <testcase name="Returns internal server error when readyness check fails$syfosmarena_stream_test()" classname="no.nav.syfo.SelfTest" time="0.767"/>
  <testcase name="Returns internal server error when liveness check fails$syfosmarena_stream_test()" classname="no.nav.syfo.SelfTest" time="0.006"/>
  <testcase name="Returns ok on is_alive$syfosmarena_stream_test()" classname="no.nav.syfo.SelfTest" time="0.006"/>
  <testcase name="Returns ok in is_ready$syfosmarena_stream_test()" classname="no.nav.syfo.SelfTest" time="0.006"/>
  <system-out><![CDATA[{"@timestamp":"2023-05-03T15:45:16.475717393+02:00","@version":"1","message":"No ktor.deployment.watch patterns specified, automatic reload is not active.","logger_name":"ktor.test","thread_name":"Test worker","level":"INFO","level_value":20000}
{"@timestamp":"2023-05-03T15:45:16.493151285+02:00","@version":"1","message":"Application started in 0.091 seconds.","logger_name":"ktor.test","thread_name":"Test worker","level":"INFO","level_value":20000}
{"@timestamp":"2023-05-03T15:45:16.586213011+02:00","@version":"1","message":"No ktor.deployment.watch patterns specified, automatic reload is not active.","logger_name":"ktor.test","thread_name":"Test worker","level":"INFO","level_value":20000}
{"@timestamp":"2023-05-03T15:45:16.586724328+02:00","@version":"1","message":"Application started in 0.001 seconds.","logger_name":"ktor.test","thread_name":"Test worker","level":"INFO","level_value":20000}
{"@timestamp":"2023-05-03T15:45:16.593420352+02:00","@version":"1","message":"No ktor.deployment.watch patterns specified, automatic reload is not active.","logger_name":"ktor.test","thread_name":"Test worker","level":"INFO","level_value":20000}
{"@timestamp":"2023-05-03T15:45:16.593785172+02:00","@version":"1","message":"Application started in 0.001 seconds.","logger_name":"ktor.test","thread_name":"Test worker","level":"INFO","level_value":20000}
{"@timestamp":"2023-05-03T15:45:16.600582655+02:00","@version":"1","message":"No ktor.deployment.watch patterns specified, automatic reload is not active.","logger_name":"ktor.test","thread_name":"Test worker","level":"INFO","level_value":20000}
{"@timestamp":"2023-05-03T15:45:16.601232531+02:00","@version":"1","message":"Application started in 0.001 seconds.","logger_name":"ktor.test","thread_name":"Test worker","level":"INFO","level_value":20000}
]]></system-out>
  <system-err><![CDATA[]]></system-err>
</testsuite>
